#
# A fatal error has been detected by the Java Runtime Environment:
#
#  SIGSEGV (0xb) at pc=0x00007fb0eeba80ad, pid=64339, tid=64355
#
# JRE version: OpenJDK Runtime Environment (11.0.13+8) (build 11.0.13+8-Ubuntu-0ubuntu1.20.04)
# Java VM: OpenJDK 64-Bit Server VM (11.0.13+8-Ubuntu-0ubuntu1.20.04, mixed mode, sharing, tiered, compressed oops, g1 gc, linux-amd64)
# Problematic frame:
# C  [libjimage.so+0x30ad]
#
# Core dump will be written. Default location: Core dumps may be processed with "/usr/share/apport/apport %p %s %c %d %P %E" (or dumping to /home/alex/eclipse-workspace/desafiocapgemini/desafio/core.64339)
#
# If you would like to submit a bug report, please visit:
#   https://bugs.launchpad.net/ubuntu/+source/openjdk-lts
#

---------------  S U M M A R Y ------------

Command Line: -agentlib:jdwp=transport=dt_socket,suspend=y,address=localhost:39655 -javaagent:/home/alex/eclipse/java-2021-06/eclipse/configuration/org.eclipse.osgi/217/0/.cp/lib/javaagent-shaded.jar -Dfile.encoding=UTF-8 desafio.teste

Host: Intel(R) Core(TM) i5-8250U CPU @ 1.60GHz, 8 cores, 7G, Ubuntu 20.04.3 LTS
Time: Wed Feb 16 17:15:16 2022 -03 elapsed time: 87.488772 seconds (0d 0h 1m 27s)

---------------  T H R E A D  ---------------

Current thread (0x00007fb0e8191800):  JavaThread "Signal Dispatcher" daemon [_thread_in_vm, id=64355, stack(0x00007fb0d0372000,0x00007fb0d0473000)]

Stack: [0x00007fb0d0372000,0x00007fb0d0473000],  sp=0x00007fb0d0470200,  free space=1016k
Native frames: (J=compiled Java code, A=aot compiled Java code, j=interpreted, Vv=VM code, C=native code)
C  [libjimage.so+0x30ad]
C  [libjimage.so+0x3ca2]
C  [libjimage.so+0x4191]